<?xml version="1.0" encoding="UTF-8"?>
<!-- Generated by org.testng.reporters.JUnitReportReporter -->
<testsuite hostname="DESKTOP-5T51GB3" failures="0" tests="1" name="Parameterization.ParametersExample" time="17.022" errors="0" timestamp="2023-09-29T07:59:13 IST" skipped="0">
  <testcase classname="Parameterization.ParametersExample" name="googleSearch" time="17.022"/>
</testsuite> <!-- Parameterization.ParametersExample -->
